Traceback (most recent call last):
  File "/Users/raouf/handsontest/ai-hands-on-lab/.venv/lib/python3.9/site-packages/jupyter_cache/executors/utils.py", line 58, in single_nb_execution
    executenb(
  File "/Users/raouf/handsontest/ai-hands-on-lab/.venv/lib/python3.9/site-packages/nbclient/client.py", line 1314, in execute
    return NotebookClient(nb=nb, resources=resources, km=km, **kwargs).execute()
  File "/Users/raouf/handsontest/ai-hands-on-lab/.venv/lib/python3.9/site-packages/jupyter_core/utils/__init__.py", line 165, in wrapped
    return loop.run_until_complete(inner)
  File "/Library/Frameworks/Python.framework/Versions/3.9/lib/python3.9/asyncio/base_events.py", line 642, in run_until_complete
    return future.result()
  File "/Users/raouf/handsontest/ai-hands-on-lab/.venv/lib/python3.9/site-packages/nbclient/client.py", line 709, in async_execute
    await self.async_execute_cell(
  File "/Users/raouf/handsontest/ai-hands-on-lab/.venv/lib/python3.9/site-packages/nbclient/client.py", line 1062, in async_execute_cell
    await self._check_raise_for_error(cell, cell_index, exec_reply)
  File "/Users/raouf/handsontest/ai-hands-on-lab/.venv/lib/python3.9/site-packages/nbclient/client.py", line 918, in _check_raise_for_error
    raise CellExecutionError.from_cell_and_msg(cell, exec_reply_content)
nbclient.exceptions.CellExecutionError: An error occurred while executing the following cell:
------------------
search_index_name = "first_index"
create_index(search_index_name, service_endpoint, search_index_key)
------------------


[0;31m---------------------------------------------------------------------------[0m
[0;31mServiceRequestError[0m                       Traceback (most recent call last)
Cell [0;32mIn[4], line 2[0m
[1;32m      1[0m search_index_name [38;5;241m=[39m [38;5;124m"[39m[38;5;124mfirst_index[39m[38;5;124m"[39m
[0;32m----> 2[0m [43mcreate_index[49m[43m([49m[43msearch_index_name[49m[43m,[49m[43m [49m[43mservice_endpoint[49m[43m,[49m[43m [49m[43msearch_index_key[49m[43m)[49m

Cell [0;32mIn[3], line 65[0m, in [0;36mcreate_index[0;34m(search_index_name, service_endpoint, key)[0m
[1;32m     30[0m vector_search [38;5;241m=[39m VectorSearch(
[1;32m     31[0m     profiles[38;5;241m=[39m[
[1;32m     32[0m         VectorSearchProfile(
[0;32m   (...)[0m
[1;32m     56[0m     ],
[1;32m     57[0m )
[1;32m     59[0m index [38;5;241m=[39m SearchIndex(
[1;32m     60[0m     name[38;5;241m=[39msearch_index_name,
[1;32m     61[0m     fields[38;5;241m=[39mfields,
[1;32m     62[0m     vector_search[38;5;241m=[39mvector_search,
[1;32m     63[0m )
[0;32m---> 65[0m result [38;5;241m=[39m [43mclient[49m[38;5;241;43m.[39;49m[43mcreate_or_update_index[49m[43m([49m[43mindex[49m[43m)[49m
[1;32m     66[0m [38;5;28mprint[39m([38;5;124mf[39m[38;5;124m"[39m[38;5;124mIndex: [39m[38;5;132;01m{[39;00mresult[38;5;241m.[39mname[38;5;132;01m}[39;00m[38;5;124m created or updated[39m[38;5;124m"[39m)

File [0;32m~/handsontest/ai-hands-on-lab/.venv/lib/python3.9/site-packages/azure/core/tracing/decorator.py:78[0m, in [0;36mdistributed_trace.<locals>.decorator.<locals>.wrapper_use_tracer[0;34m(*args, **kwargs)[0m
[1;32m     76[0m span_impl_type [38;5;241m=[39m settings[38;5;241m.[39mtracing_implementation()
[1;32m     77[0m [38;5;28;01mif[39;00m span_impl_type [38;5;129;01mis[39;00m [38;5;28;01mNone[39;00m:
[0;32m---> 78[0m     [38;5;28;01mreturn[39;00m [43mfunc[49m[43m([49m[38;5;241;43m*[39;49m[43margs[49m[43m,[49m[43m [49m[38;5;241;43m*[39;49m[38;5;241;43m*[39;49m[43mkwargs[49m[43m)[49m
[1;32m     80[0m [38;5;66;03m# Merge span is parameter is set, but only if no explicit parent are passed[39;00m
[1;32m     81[0m [38;5;28;01mif[39;00m merge_span [38;5;129;01mand[39;00m [38;5;129;01mnot[39;00m passed_in_parent:

File [0;32m~/handsontest/ai-hands-on-lab/.venv/lib/python3.9/site-packages/azure/search/documents/indexes/_search_index_client.py:264[0m, in [0;36mSearchIndexClient.create_or_update_index[0;34m(self, index, allow_index_downtime, match_condition, **kwargs)[0m
[1;32m    262[0m kwargs[38;5;241m.[39mupdate(access_condition)
[1;32m    263[0m patched_index [38;5;241m=[39m index[38;5;241m.[39m_to_generated()  [38;5;66;03m# pylint:disable=protected-access[39;00m
[0;32m--> 264[0m result [38;5;241m=[39m [38;5;28;43mself[39;49m[38;5;241;43m.[39;49m[43m_client[49m[38;5;241;43m.[39;49m[43mindexes[49m[38;5;241;43m.[39;49m[43mcreate_or_update[49m[43m([49m
[1;32m    265[0m [43m    [49m[43mindex_name[49m[38;5;241;43m=[39;49m[43mindex[49m[38;5;241;43m.[39;49m[43mname[49m[43m,[49m
[1;32m    266[0m [43m    [49m[43mindex[49m[38;5;241;43m=[39;49m[43mpatched_index[49m[43m,[49m
[1;32m    267[0m [43m    [49m[43mallow_index_downtime[49m[38;5;241;43m=[39;49m[43mallow_index_downtime[49m[43m,[49m
[1;32m    268[0m [43m    [49m[43mprefer[49m[38;5;241;43m=[39;49m[38;5;124;43m"[39;49m[38;5;124;43mreturn=representation[39;49m[38;5;124;43m"[39;49m[43m,[49m
[1;32m    269[0m [43m    [49m[43merror_map[49m[38;5;241;43m=[39;49m[43merror_map[49m[43m,[49m
[1;32m    270[0m [43m    [49m[38;5;241;43m*[39;49m[38;5;241;43m*[39;49m[43mkwargs[49m
[1;32m    271[0m [43m[49m[43m)[49m
[1;32m    272[0m [38;5;28;01mreturn[39;00m SearchIndex[38;5;241m.[39m_from_generated(result)

File [0;32m~/handsontest/ai-hands-on-lab/.venv/lib/python3.9/site-packages/azure/core/tracing/decorator.py:78[0m, in [0;36mdistributed_trace.<locals>.decorator.<locals>.wrapper_use_tracer[0;34m(*args, **kwargs)[0m
[1;32m     76[0m span_impl_type [38;5;241m=[39m settings[38;5;241m.[39mtracing_implementation()
[1;32m     77[0m [38;5;28;01mif[39;00m span_impl_type [38;5;129;01mis[39;00m [38;5;28;01mNone[39;00m:
[0;32m---> 78[0m     [38;5;28;01mreturn[39;00m [43mfunc[49m[43m([49m[38;5;241;43m*[39;49m[43margs[49m[43m,[49m[43m [49m[38;5;241;43m*[39;49m[38;5;241;43m*[39;49m[43mkwargs[49m[43m)[49m
[1;32m     80[0m [38;5;66;03m# Merge span is parameter is set, but only if no explicit parent are passed[39;00m
[1;32m     81[0m [38;5;28;01mif[39;00m merge_span [38;5;129;01mand[39;00m [38;5;129;01mnot[39;00m passed_in_parent:

File [0;32m~/handsontest/ai-hands-on-lab/.venv/lib/python3.9/site-packages/azure/search/documents/indexes/_generated/operations/_indexes_operations.py:706[0m, in [0;36mIndexesOperations.create_or_update[0;34m(self, index_name, prefer, index, allow_index_downtime, if_match, if_none_match, request_options, **kwargs)[0m
[1;32m    703[0m _request[38;5;241m.[39murl [38;5;241m=[39m [38;5;28mself[39m[38;5;241m.[39m_client[38;5;241m.[39mformat_url(_request[38;5;241m.[39murl, [38;5;241m*[39m[38;5;241m*[39mpath_format_arguments)
[1;32m    705[0m _stream [38;5;241m=[39m [38;5;28;01mFalse[39;00m
[0;32m--> 706[0m pipeline_response: PipelineResponse [38;5;241m=[39m [38;5;28;43mself[39;49m[38;5;241;43m.[39;49m[43m_client[49m[38;5;241;43m.[39;49m[43m_pipeline[49m[38;5;241;43m.[39;49m[43mrun[49m[43m([49m[43m  [49m[38;5;66;43;03m# pylint: disable=protected-access[39;49;00m
[1;32m    707[0m [43m    [49m[43m_request[49m[43m,[49m[43m [49m[43mstream[49m[38;5;241;43m=[39;49m[43m_stream[49m[43m,[49m[43m [49m[38;5;241;43m*[39;49m[38;5;241;43m*[39;49m[43mkwargs[49m
[1;32m    708[0m [43m[49m[43m)[49m
[1;32m    710[0m response [38;5;241m=[39m pipeline_response[38;5;241m.[39mhttp_response
[1;32m    712[0m [38;5;28;01mif[39;00m response[38;5;241m.[39mstatus_code [38;5;129;01mnot[39;00m [38;5;129;01min[39;00m [[38;5;241m200[39m, [38;5;241m201[39m]:

File [0;32m~/handsontest/ai-hands-on-lab/.venv/lib/python3.9/site-packages/azure/core/pipeline/_base.py:230[0m, in [0;36mPipeline.run[0;34m(self, request, **kwargs)[0m
[1;32m    228[0m pipeline_request: PipelineRequest[HTTPRequestType] [38;5;241m=[39m PipelineRequest(request, context)
[1;32m    229[0m first_node [38;5;241m=[39m [38;5;28mself[39m[38;5;241m.[39m_impl_policies[[38;5;241m0[39m] [38;5;28;01mif[39;00m [38;5;28mself[39m[38;5;241m.[39m_impl_policies [38;5;28;01melse[39;00m _TransportRunner([38;5;28mself[39m[38;5;241m.[39m_transport)
[0;32m--> 230[0m [38;5;28;01mreturn[39;00m [43mfirst_node[49m[38;5;241;43m.[39;49m[43msend[49m[43m([49m[43mpipeline_request[49m[43m)[49m

File [0;32m~/handsontest/ai-hands-on-lab/.venv/lib/python3.9/site-packages/azure/core/pipeline/_base.py:86[0m, in [0;36m_SansIOHTTPPolicyRunner.send[0;34m(self, request)[0m
[1;32m     84[0m _await_result([38;5;28mself[39m[38;5;241m.[39m_policy[38;5;241m.[39mon_request, request)
[1;32m     85[0m [38;5;28;01mtry[39;00m:
[0;32m---> 86[0m     response [38;5;241m=[39m [38;5;28;43mself[39;49m[38;5;241;43m.[39;49m[43mnext[49m[38;5;241;43m.[39;49m[43msend[49m[43m([49m[43mrequest[49m[43m)[49m
[1;32m     87[0m [38;5;28;01mexcept[39;00m [38;5;167;01mException[39;00m:  [38;5;66;03m# pylint: disable=broad-except[39;00m
[1;32m     88[0m     _await_result([38;5;28mself[39m[38;5;241m.[39m_policy[38;5;241m.[39mon_exception, request)

File [0;32m~/handsontest/ai-hands-on-lab/.venv/lib/python3.9/site-packages/azure/core/pipeline/_base.py:86[0m, in [0;36m_SansIOHTTPPolicyRunner.send[0;34m(self, request)[0m
[1;32m     84[0m _await_result([38;5;28mself[39m[38;5;241m.[39m_policy[38;5;241m.[39mon_request, request)
[1;32m     85[0m [38;5;28;01mtry[39;00m:
[0;32m---> 86[0m     response [38;5;241m=[39m [38;5;28;43mself[39;49m[38;5;241;43m.[39;49m[43mnext[49m[38;5;241;43m.[39;49m[43msend[49m[43m([49m[43mrequest[49m[43m)[49m
[1;32m     87[0m [38;5;28;01mexcept[39;00m [38;5;167;01mException[39;00m:  [38;5;66;03m# pylint: disable=broad-except[39;00m
[1;32m     88[0m     _await_result([38;5;28mself[39m[38;5;241m.[39m_policy[38;5;241m.[39mon_exception, request)

    [0;31m[... skipping similar frames: _SansIOHTTPPolicyRunner.send at line 86 (2 times)][0m

File [0;32m~/handsontest/ai-hands-on-lab/.venv/lib/python3.9/site-packages/azure/core/pipeline/_base.py:86[0m, in [0;36m_SansIOHTTPPolicyRunner.send[0;34m(self, request)[0m
[1;32m     84[0m _await_result([38;5;28mself[39m[38;5;241m.[39m_policy[38;5;241m.[39mon_request, request)
[1;32m     85[0m [38;5;28;01mtry[39;00m:
[0;32m---> 86[0m     response [38;5;241m=[39m [38;5;28;43mself[39;49m[38;5;241;43m.[39;49m[43mnext[49m[38;5;241;43m.[39;49m[43msend[49m[43m([49m[43mrequest[49m[43m)[49m
[1;32m     87[0m [38;5;28;01mexcept[39;00m [38;5;167;01mException[39;00m:  [38;5;66;03m# pylint: disable=broad-except[39;00m
[1;32m     88[0m     _await_result([38;5;28mself[39m[38;5;241m.[39m_policy[38;5;241m.[39mon_exception, request)

File [0;32m~/handsontest/ai-hands-on-lab/.venv/lib/python3.9/site-packages/azure/core/pipeline/policies/_redirect.py:197[0m, in [0;36mRedirectPolicy.send[0;34m(self, request)[0m
[1;32m    195[0m original_domain [38;5;241m=[39m get_domain(request[38;5;241m.[39mhttp_request[38;5;241m.[39murl) [38;5;28;01mif[39;00m redirect_settings[[38;5;124m"[39m[38;5;124mallow[39m[38;5;124m"[39m] [38;5;28;01melse[39;00m [38;5;28;01mNone[39;00m
[1;32m    196[0m [38;5;28;01mwhile[39;00m retryable:
[0;32m--> 197[0m     response [38;5;241m=[39m [38;5;28;43mself[39;49m[38;5;241;43m.[39;49m[43mnext[49m[38;5;241;43m.[39;49m[43msend[49m[43m([49m[43mrequest[49m[43m)[49m
[1;32m    198[0m     redirect_location [38;5;241m=[39m [38;5;28mself[39m[38;5;241m.[39mget_redirect_location(response)
[1;32m    199[0m     [38;5;28;01mif[39;00m redirect_location [38;5;129;01mand[39;00m redirect_settings[[38;5;124m"[39m[38;5;124mallow[39m[38;5;124m"[39m]:

File [0;32m~/handsontest/ai-hands-on-lab/.venv/lib/python3.9/site-packages/azure/core/pipeline/policies/_retry.py:553[0m, in [0;36mRetryPolicy.send[0;34m(self, request)[0m
[1;32m    551[0m                 is_response_error [38;5;241m=[39m [38;5;28;01mTrue[39;00m
[1;32m    552[0m             [38;5;28;01mcontinue[39;00m
[0;32m--> 553[0m     [38;5;28;01mraise[39;00m err
[1;32m    554[0m [38;5;28;01mfinally[39;00m:
[1;32m    555[0m     end_time [38;5;241m=[39m time[38;5;241m.[39mtime()

File [0;32m~/handsontest/ai-hands-on-lab/.venv/lib/python3.9/site-packages/azure/core/pipeline/policies/_retry.py:531[0m, in [0;36mRetryPolicy.send[0;34m(self, request)[0m
[1;32m    529[0m [38;5;28;01mtry[39;00m:
[1;32m    530[0m     [38;5;28mself[39m[38;5;241m.[39m_configure_timeout(request, absolute_timeout, is_response_error)
[0;32m--> 531[0m     response [38;5;241m=[39m [38;5;28;43mself[39;49m[38;5;241;43m.[39;49m[43mnext[49m[38;5;241;43m.[39;49m[43msend[49m[43m([49m[43mrequest[49m[43m)[49m
[1;32m    532[0m     [38;5;28;01mif[39;00m [38;5;28mself[39m[38;5;241m.[39mis_retry(retry_settings, response):
[1;32m    533[0m         retry_active [38;5;241m=[39m [38;5;28mself[39m[38;5;241m.[39mincrement(retry_settings, response[38;5;241m=[39mresponse)

File [0;32m~/handsontest/ai-hands-on-lab/.venv/lib/python3.9/site-packages/azure/core/pipeline/_base.py:86[0m, in [0;36m_SansIOHTTPPolicyRunner.send[0;34m(self, request)[0m
[1;32m     84[0m _await_result([38;5;28mself[39m[38;5;241m.[39m_policy[38;5;241m.[39mon_request, request)
[1;32m     85[0m [38;5;28;01mtry[39;00m:
[0;32m---> 86[0m     response [38;5;241m=[39m [38;5;28;43mself[39;49m[38;5;241;43m.[39;49m[43mnext[49m[38;5;241;43m.[39;49m[43msend[49m[43m([49m[43mrequest[49m[43m)[49m
[1;32m     87[0m [38;5;28;01mexcept[39;00m [38;5;167;01mException[39;00m:  [38;5;66;03m# pylint: disable=broad-except[39;00m
[1;32m     88[0m     _await_result([38;5;28mself[39m[38;5;241m.[39m_policy[38;5;241m.[39mon_exception, request)

File [0;32m~/handsontest/ai-hands-on-lab/.venv/lib/python3.9/site-packages/azure/core/pipeline/_base.py:86[0m, in [0;36m_SansIOHTTPPolicyRunner.send[0;34m(self, request)[0m
[1;32m     84[0m _await_result([38;5;28mself[39m[38;5;241m.[39m_policy[38;5;241m.[39mon_request, request)
[1;32m     85[0m [38;5;28;01mtry[39;00m:
[0;32m---> 86[0m     response [38;5;241m=[39m [38;5;28;43mself[39;49m[38;5;241;43m.[39;49m[43mnext[49m[38;5;241;43m.[39;49m[43msend[49m[43m([49m[43mrequest[49m[43m)[49m
[1;32m     87[0m [38;5;28;01mexcept[39;00m [38;5;167;01mException[39;00m:  [38;5;66;03m# pylint: disable=broad-except[39;00m
[1;32m     88[0m     _await_result([38;5;28mself[39m[38;5;241m.[39m_policy[38;5;241m.[39mon_exception, request)

    [0;31m[... skipping similar frames: _SansIOHTTPPolicyRunner.send at line 86 (2 times)][0m

File [0;32m~/handsontest/ai-hands-on-lab/.venv/lib/python3.9/site-packages/azure/core/pipeline/_base.py:86[0m, in [0;36m_SansIOHTTPPolicyRunner.send[0;34m(self, request)[0m
[1;32m     84[0m _await_result([38;5;28mself[39m[38;5;241m.[39m_policy[38;5;241m.[39mon_request, request)
[1;32m     85[0m [38;5;28;01mtry[39;00m:
[0;32m---> 86[0m     response [38;5;241m=[39m [38;5;28;43mself[39;49m[38;5;241;43m.[39;49m[43mnext[49m[38;5;241;43m.[39;49m[43msend[49m[43m([49m[43mrequest[49m[43m)[49m
[1;32m     87[0m [38;5;28;01mexcept[39;00m [38;5;167;01mException[39;00m:  [38;5;66;03m# pylint: disable=broad-except[39;00m
[1;32m     88[0m     _await_result([38;5;28mself[39m[38;5;241m.[39m_policy[38;5;241m.[39mon_exception, request)

File [0;32m~/handsontest/ai-hands-on-lab/.venv/lib/python3.9/site-packages/azure/core/pipeline/_base.py:119[0m, in [0;36m_TransportRunner.send[0;34m(self, request)[0m
[1;32m    109[0m [38;5;250m[39m[38;5;124;03m"""HTTP transport send method.[39;00m
[1;32m    110[0m 
[1;32m    111[0m [38;5;124;03m:param request: The PipelineRequest object.[39;00m
[0;32m   (...)[0m
[1;32m    114[0m [38;5;124;03m:rtype: ~azure.core.pipeline.PipelineResponse[39;00m
[1;32m    115[0m [38;5;124;03m"""[39;00m
[1;32m    116[0m cleanup_kwargs_for_transport(request[38;5;241m.[39mcontext[38;5;241m.[39moptions)
[1;32m    117[0m [38;5;28;01mreturn[39;00m PipelineResponse(
[1;32m    118[0m     request[38;5;241m.[39mhttp_request,
[0;32m--> 119[0m     [38;5;28;43mself[39;49m[38;5;241;43m.[39;49m[43m_sender[49m[38;5;241;43m.[39;49m[43msend[49m[43m([49m[43mrequest[49m[38;5;241;43m.[39;49m[43mhttp_request[49m[43m,[49m[43m [49m[38;5;241;43m*[39;49m[38;5;241;43m*[39;49m[43mrequest[49m[38;5;241;43m.[39;49m[43mcontext[49m[38;5;241;43m.[39;49m[43moptions[49m[43m)[49m,
[1;32m    120[0m     context[38;5;241m=[39mrequest[38;5;241m.[39mcontext,
[1;32m    121[0m )

File [0;32m~/handsontest/ai-hands-on-lab/.venv/lib/python3.9/site-packages/azure/core/pipeline/transport/_requests_basic.py:386[0m, in [0;36mRequestsTransport.send[0;34m(self, request, proxies, **kwargs)[0m
[1;32m    383[0m     error [38;5;241m=[39m ServiceRequestError(err, error[38;5;241m=[39merr)
[1;32m    385[0m [38;5;28;01mif[39;00m error:
[0;32m--> 386[0m     [38;5;28;01mraise[39;00m error
[1;32m    387[0m [38;5;28;01mif[39;00m _is_rest(request):
[1;32m    388[0m     [38;5;28;01mfrom[39;00m [38;5;21;01mazure[39;00m[38;5;21;01m.[39;00m[38;5;21;01mcore[39;00m[38;5;21;01m.[39;00m[38;5;21;01mrest[39;00m[38;5;21;01m.[39;00m[38;5;21;01m_requests_basic[39;00m [38;5;28;01mimport[39;00m RestRequestsTransportResponse

[0;31mServiceRequestError[0m: <urllib3.connection.HTTPSConnection object at 0x7fb2d8e5bac0>: Failed to resolve 'aisearch-workshop-xz27sepwdcenq.search.windows.net' ([Errno 8] nodename nor servname provided, or not known)

