Traceback (most recent call last):
  File "C:\Users\adnegrau\AppData\Local\Programs\Python\Python312\Lib\site-packages\jupyter_cache\executors\utils.py", line 58, in single_nb_execution
    executenb(
  File "C:\Users\adnegrau\AppData\Local\Programs\Python\Python312\Lib\site-packages\nbclient\client.py", line 1305, in execute
    return NotebookClient(nb=nb, resources=resources, km=km, **kwargs).execute()
           ^^^^^^^^^^^^^^^^^^^^^^^^^^^^^^^^^^^^^^^^^^^^^^^^^^^^^^^^^^^^^^^^^^^^^
  File "C:\Users\adnegrau\AppData\Local\Programs\Python\Python312\Lib\site-packages\jupyter_core\utils\__init__.py", line 165, in wrapped
    return loop.run_until_complete(inner)
           ^^^^^^^^^^^^^^^^^^^^^^^^^^^^^^
  File "C:\Users\adnegrau\AppData\Local\Programs\Python\Python312\Lib\asyncio\base_events.py", line 685, in run_until_complete
    return future.result()
           ^^^^^^^^^^^^^^^
  File "C:\Users\adnegrau\AppData\Local\Programs\Python\Python312\Lib\site-packages\nbclient\client.py", line 705, in async_execute
    await self.async_execute_cell(
  File "C:\Users\adnegrau\AppData\Local\Programs\Python\Python312\Lib\site-packages\nbclient\client.py", line 1058, in async_execute_cell
    await self._check_raise_for_error(cell, cell_index, exec_reply)
  File "C:\Users\adnegrau\AppData\Local\Programs\Python\Python312\Lib\site-packages\nbclient\client.py", line 914, in _check_raise_for_error
    raise CellExecutionError.from_cell_and_msg(cell, exec_reply_content)
nbclient.exceptions.CellExecutionError: An error occurred while executing the following cell:
------------------
# Pure Vector Search
query = "scalable storage solution"
query_embeddings = model.encode(query, normalize_embeddings=True)
vector_query = VectorizedQuery(
    vector=query_embeddings.tolist(), k_nearest_neighbors=3, fields="contentVector"
)

results = search_client.search(
    search_text=query,
    vector_queries=[vector_query],
    select=["title", "content", "category"],
    top=3,
)

print_results(results)
------------------


[1;31m---------------------------------------------------------------------------[0m
[1;31mNameError[0m                                 Traceback (most recent call last)
Cell [1;32mIn[2], line 3[0m
[0;32m      1[0m [38;5;66;03m# Pure Vector Search[39;00m
[0;32m      2[0m query [38;5;241m=[39m [38;5;124m"[39m[38;5;124mscalable storage solution[39m[38;5;124m"[39m
[1;32m----> 3[0m query_embeddings [38;5;241m=[39m [43mmodel[49m[38;5;241m.[39mencode(query, normalize_embeddings[38;5;241m=[39m[38;5;28;01mTrue[39;00m)
[0;32m      4[0m vector_query [38;5;241m=[39m VectorizedQuery(
[0;32m      5[0m     vector[38;5;241m=[39mquery_embeddings[38;5;241m.[39mtolist(), k_nearest_neighbors[38;5;241m=[39m[38;5;241m3[39m, fields[38;5;241m=[39m[38;5;124m"[39m[38;5;124mcontentVector[39m[38;5;124m"[39m
[0;32m      6[0m )
[0;32m      8[0m results [38;5;241m=[39m search_client[38;5;241m.[39msearch(
[0;32m      9[0m     search_text[38;5;241m=[39mquery,
[0;32m     10[0m     vector_queries[38;5;241m=[39m[vector_query],
[0;32m     11[0m     select[38;5;241m=[39m[[38;5;124m"[39m[38;5;124mtitle[39m[38;5;124m"[39m, [38;5;124m"[39m[38;5;124mcontent[39m[38;5;124m"[39m, [38;5;124m"[39m[38;5;124mcategory[39m[38;5;124m"[39m],
[0;32m     12[0m     top[38;5;241m=[39m[38;5;241m3[39m,
[0;32m     13[0m )

[1;31mNameError[0m: name 'model' is not defined

