Traceback (most recent call last):
  File "c:\Projects\Workshop2024\.venv\Lib\site-packages\jupyter_cache\executors\utils.py", line 58, in single_nb_execution
    executenb(
  File "c:\Projects\Workshop2024\.venv\Lib\site-packages\nbclient\client.py", line 1305, in execute
    return NotebookClient(nb=nb, resources=resources, km=km, **kwargs).execute()
           ^^^^^^^^^^^^^^^^^^^^^^^^^^^^^^^^^^^^^^^^^^^^^^^^^^^^^^^^^^^^^^^^^^^^^
  File "c:\Projects\Workshop2024\.venv\Lib\site-packages\jupyter_core\utils\__init__.py", line 165, in wrapped
    return loop.run_until_complete(inner)
           ^^^^^^^^^^^^^^^^^^^^^^^^^^^^^^
  File "C:\Users\adnegrau\AppData\Local\anaconda3\Lib\asyncio\base_events.py", line 653, in run_until_complete
    return future.result()
           ^^^^^^^^^^^^^^^
  File "c:\Projects\Workshop2024\.venv\Lib\site-packages\nbclient\client.py", line 705, in async_execute
    await self.async_execute_cell(
  File "c:\Projects\Workshop2024\.venv\Lib\site-packages\nbclient\client.py", line 1058, in async_execute_cell
    await self._check_raise_for_error(cell, cell_index, exec_reply)
  File "c:\Projects\Workshop2024\.venv\Lib\site-packages\nbclient\client.py", line 914, in _check_raise_for_error
    raise CellExecutionError.from_cell_and_msg(cell, exec_reply_content)
nbclient.exceptions.CellExecutionError: An error occurred while executing the following cell:
------------------
from azure.search.documents.indexes import SearchIndexClient
from azure.search.documents.indexes.models import *

index = SearchIndex(
    name="tinyvectors",
    fields=[
        SimpleField(name="id", type=SearchFieldDataType.String, key=True),
        SimpleField(name="category", type=SearchFieldDataType.String, filterable=True, sortable=True),
        SearchField(name="myVector",
                    type=SearchFieldDataType.Collection(SearchFieldDataType.Single),
                    searchable=True,
                    vector_search_dimensions=3,
                    vector_search_profile="vprofile"                    )
    ],
vector_search=VectorSearch(
    algorithms=[HnswAlgorithmConfiguration(name="algo",
                                           parameters=HnswParameters(metric="cosine"))],
    profiles=[VectorSearchProfile(name="vprofile", algorithm_configuration_name="algo")]
)
)

index_client = SearchIndexClient(AZURE_SEARCH_SERVICE, credential=creds)
index_client.create_index(index)
------------------

----- stderr -----
vector_search_profile is not a known attribute of class <class 'azure.search.documents.indexes.models._index.SearchField'> and will be ignored
------------------

[1;31m---------------------------------------------------------------------------[0m
[1;31mNameError[0m                                 Traceback (most recent call last)
Cell [1;32mIn[7], line 16[0m
[0;32m      1[0m [38;5;28;01mfrom[39;00m [38;5;21;01mazure[39;00m[38;5;21;01m.[39;00m[38;5;21;01msearch[39;00m[38;5;21;01m.[39;00m[38;5;21;01mdocuments[39;00m[38;5;21;01m.[39;00m[38;5;21;01mindexes[39;00m [38;5;28;01mimport[39;00m SearchIndexClient
[0;32m      2[0m [38;5;28;01mfrom[39;00m [38;5;21;01mazure[39;00m[38;5;21;01m.[39;00m[38;5;21;01msearch[39;00m[38;5;21;01m.[39;00m[38;5;21;01mdocuments[39;00m[38;5;21;01m.[39;00m[38;5;21;01mindexes[39;00m[38;5;21;01m.[39;00m[38;5;21;01mmodels[39;00m [38;5;28;01mimport[39;00m [38;5;241m*[39m
[0;32m      4[0m index [38;5;241m=[39m SearchIndex(
[0;32m      5[0m     name[38;5;241m=[39m[38;5;124m"[39m[38;5;124mtinyvectors[39m[38;5;124m"[39m,
[0;32m      6[0m     fields[38;5;241m=[39m[
[0;32m      7[0m         SimpleField(name[38;5;241m=[39m[38;5;124m"[39m[38;5;124mid[39m[38;5;124m"[39m, [38;5;28mtype[39m[38;5;241m=[39mSearchFieldDataType[38;5;241m.[39mString, key[38;5;241m=[39m[38;5;28;01mTrue[39;00m),
[0;32m      8[0m         SimpleField(name[38;5;241m=[39m[38;5;124m"[39m[38;5;124mcategory[39m[38;5;124m"[39m, [38;5;28mtype[39m[38;5;241m=[39mSearchFieldDataType[38;5;241m.[39mString, filterable[38;5;241m=[39m[38;5;28;01mTrue[39;00m, sortable[38;5;241m=[39m[38;5;28;01mTrue[39;00m),
[0;32m      9[0m         SearchField(name[38;5;241m=[39m[38;5;124m"[39m[38;5;124mmyVector[39m[38;5;124m"[39m,
[0;32m     10[0m                     [38;5;28mtype[39m[38;5;241m=[39mSearchFieldDataType[38;5;241m.[39mCollection(SearchFieldDataType[38;5;241m.[39mSingle),
[0;32m     11[0m                     searchable[38;5;241m=[39m[38;5;28;01mTrue[39;00m,
[0;32m     12[0m                     vector_search_dimensions[38;5;241m=[39m[38;5;241m3[39m,
[0;32m     13[0m                     vector_search_profile[38;5;241m=[39m[38;5;124m"[39m[38;5;124mvprofile[39m[38;5;124m"[39m                    )
[0;32m     14[0m     ],
[0;32m     15[0m vector_search[38;5;241m=[39mVectorSearch(
[1;32m---> 16[0m     algorithms[38;5;241m=[39m[[43mHnswAlgorithmConfiguration[49m(name[38;5;241m=[39m[38;5;124m"[39m[38;5;124malgo[39m[38;5;124m"[39m,
[0;32m     17[0m                                            parameters[38;5;241m=[39mHnswParameters(metric[38;5;241m=[39m[38;5;124m"[39m[38;5;124mcosine[39m[38;5;124m"[39m))],
[0;32m     18[0m     profiles[38;5;241m=[39m[VectorSearchProfile(name[38;5;241m=[39m[38;5;124m"[39m[38;5;124mvprofile[39m[38;5;124m"[39m, algorithm_configuration_name[38;5;241m=[39m[38;5;124m"[39m[38;5;124malgo[39m[38;5;124m"[39m)]
[0;32m     19[0m )
[0;32m     20[0m )
[0;32m     22[0m index_client [38;5;241m=[39m SearchIndexClient(AZURE_SEARCH_SERVICE, credential[38;5;241m=[39mcreds)
[0;32m     23[0m index_client[38;5;241m.[39mcreate_index(index)

[1;31mNameError[0m: name 'HnswAlgorithmConfiguration' is not defined

