Traceback (most recent call last):
  File "c:\Projects\Workshop2024\.venv\Lib\site-packages\jupyter_cache\executors\utils.py", line 58, in single_nb_execution
    executenb(
  File "c:\Projects\Workshop2024\.venv\Lib\site-packages\nbclient\client.py", line 1305, in execute
    return NotebookClient(nb=nb, resources=resources, km=km, **kwargs).execute()
           ^^^^^^^^^^^^^^^^^^^^^^^^^^^^^^^^^^^^^^^^^^^^^^^^^^^^^^^^^^^^^^^^^^^^^
  File "c:\Projects\Workshop2024\.venv\Lib\site-packages\jupyter_core\utils\__init__.py", line 165, in wrapped
    return loop.run_until_complete(inner)
           ^^^^^^^^^^^^^^^^^^^^^^^^^^^^^^
  File "C:\Users\adnegrau\AppData\Local\anaconda3\Lib\asyncio\base_events.py", line 653, in run_until_complete
    return future.result()
           ^^^^^^^^^^^^^^^
  File "c:\Projects\Workshop2024\.venv\Lib\site-packages\nbclient\client.py", line 705, in async_execute
    await self.async_execute_cell(
  File "c:\Projects\Workshop2024\.venv\Lib\site-packages\nbclient\client.py", line 1058, in async_execute_cell
    await self._check_raise_for_error(cell, cell_index, exec_reply)
  File "c:\Projects\Workshop2024\.venv\Lib\site-packages\nbclient\client.py", line 914, in _check_raise_for_error
    raise CellExecutionError.from_cell_and_msg(cell, exec_reply_content)
nbclient.exceptions.CellExecutionError: An error occurred while executing the following cell:
------------------
from azure.search.documents.indexes import SearchIndexClient
from azure.search.documents.indexes.models import *

index = SearchIndex(
    name="tinyvectors",
    fields=[
        SimpleField(name="id", type=SearchFieldDataType.String, key=True),
        SimpleField(name="category", type=SearchFieldDataType.String, filterable=True, sortable=True),
        SearchField(name="myVector",
                    type=SearchFieldDataType.Collection(SearchFieldDataType.Single),
                    searchable=True,
                    vector_search_dimensions=3,
                    vector_search_profile="vprofile"                    )
    ],
vector_search=VectorSearch(
    algorithms=[HnswAlgorithmConfiguration(name="algo",
                                           parameters=HnswParameters(metric="cosine"))],
    profiles=[VectorSearchProfile(name="vprofile", algorithm_configuration_name="algo")]
)
)

index_client = SearchIndexClient(AZURE_SEARCH_SERVICE, credential=creds)
index_client.create_index(index)
------------------

----- stderr -----
vector_search_profile is not a known attribute of class <class 'azure.search.documents.indexes.models._index.SearchField'> and will be ignored
------------------

[1;31m---------------------------------------------------------------------------[0m
[1;31mServiceRequestError[0m                       Traceback (most recent call last)
Cell [1;32mIn[7], line 23[0m
[0;32m      4[0m index [38;5;241m=[39m SearchIndex(
[0;32m      5[0m     name[38;5;241m=[39m[38;5;124m"[39m[38;5;124mtinyvectors[39m[38;5;124m"[39m,
[0;32m      6[0m     fields[38;5;241m=[39m[
[1;32m   (...)[0m
[0;32m     19[0m )
[0;32m     20[0m )
[0;32m     22[0m index_client [38;5;241m=[39m SearchIndexClient(AZURE_SEARCH_SERVICE, credential[38;5;241m=[39mcreds)
[1;32m---> 23[0m [43mindex_client[49m[38;5;241;43m.[39;49m[43mcreate_index[49m[43m([49m[43mindex[49m[43m)[49m

File [1;32mc:\Projects\Workshop2024\.venv\Lib\site-packages\azure\core\tracing\decorator.py:78[0m, in [0;36mdistributed_trace.<locals>.decorator.<locals>.wrapper_use_tracer[1;34m(*args, **kwargs)[0m
[0;32m     76[0m span_impl_type [38;5;241m=[39m settings[38;5;241m.[39mtracing_implementation()
[0;32m     77[0m [38;5;28;01mif[39;00m span_impl_type [38;5;129;01mis[39;00m [38;5;28;01mNone[39;00m:
[1;32m---> 78[0m     [38;5;28;01mreturn[39;00m [43mfunc[49m[43m([49m[38;5;241;43m*[39;49m[43margs[49m[43m,[49m[43m [49m[38;5;241;43m*[39;49m[38;5;241;43m*[39;49m[43mkwargs[49m[43m)[49m
[0;32m     80[0m [38;5;66;03m# Merge span is parameter is set, but only if no explicit parent are passed[39;00m
[0;32m     81[0m [38;5;28;01mif[39;00m merge_span [38;5;129;01mand[39;00m [38;5;129;01mnot[39;00m passed_in_parent:

File [1;32mc:\Projects\Workshop2024\.venv\Lib\site-packages\azure\search\documents\indexes\_search_index_client.py:219[0m, in [0;36mSearchIndexClient.create_index[1;34m(self, index, **kwargs)[0m
[0;32m    217[0m kwargs[[38;5;124m"[39m[38;5;124mheaders[39m[38;5;124m"[39m] [38;5;241m=[39m [38;5;28mself[39m[38;5;241m.[39m_merge_client_headers(kwargs[38;5;241m.[39mget([38;5;124m"[39m[38;5;124mheaders[39m[38;5;124m"[39m))
[0;32m    218[0m patched_index [38;5;241m=[39m index[38;5;241m.[39m_to_generated()  [38;5;66;03m# pylint:disable=protected-access[39;00m
[1;32m--> 219[0m result [38;5;241m=[39m [38;5;28;43mself[39;49m[38;5;241;43m.[39;49m[43m_client[49m[38;5;241;43m.[39;49m[43mindexes[49m[38;5;241;43m.[39;49m[43mcreate[49m[43m([49m[43mpatched_index[49m[43m,[49m[43m [49m[38;5;241;43m*[39;49m[38;5;241;43m*[39;49m[43mkwargs[49m[43m)[49m
[0;32m    220[0m [38;5;28;01mreturn[39;00m SearchIndex[38;5;241m.[39m_from_generated(result)

File [1;32mc:\Projects\Workshop2024\.venv\Lib\site-packages\azure\core\tracing\decorator.py:78[0m, in [0;36mdistributed_trace.<locals>.decorator.<locals>.wrapper_use_tracer[1;34m(*args, **kwargs)[0m
[0;32m     76[0m span_impl_type [38;5;241m=[39m settings[38;5;241m.[39mtracing_implementation()
[0;32m     77[0m [38;5;28;01mif[39;00m span_impl_type [38;5;129;01mis[39;00m [38;5;28;01mNone[39;00m:
[1;32m---> 78[0m     [38;5;28;01mreturn[39;00m [43mfunc[49m[43m([49m[38;5;241;43m*[39;49m[43margs[49m[43m,[49m[43m [49m[38;5;241;43m*[39;49m[38;5;241;43m*[39;49m[43mkwargs[49m[43m)[49m
[0;32m     80[0m [38;5;66;03m# Merge span is parameter is set, but only if no explicit parent are passed[39;00m
[0;32m     81[0m [38;5;28;01mif[39;00m merge_span [38;5;129;01mand[39;00m [38;5;129;01mnot[39;00m passed_in_parent:

File [1;32mc:\Projects\Workshop2024\.venv\Lib\site-packages\azure\search\documents\indexes\_generated\operations\_indexes_operations.py:393[0m, in [0;36mIndexesOperations.create[1;34m(self, index, request_options, **kwargs)[0m
[0;32m    390[0m _request[38;5;241m.[39murl [38;5;241m=[39m [38;5;28mself[39m[38;5;241m.[39m_client[38;5;241m.[39mformat_url(_request[38;5;241m.[39murl, [38;5;241m*[39m[38;5;241m*[39mpath_format_arguments)
[0;32m    392[0m _stream [38;5;241m=[39m [38;5;28;01mFalse[39;00m
[1;32m--> 393[0m pipeline_response: PipelineResponse [38;5;241m=[39m [38;5;28;43mself[39;49m[38;5;241;43m.[39;49m[43m_client[49m[38;5;241;43m.[39;49m[43m_pipeline[49m[38;5;241;43m.[39;49m[43mrun[49m[43m([49m[43m  [49m[38;5;66;43;03m# pylint: disable=protected-access[39;49;00m
[0;32m    394[0m [43m    [49m[43m_request[49m[43m,[49m[43m [49m[43mstream[49m[38;5;241;43m=[39;49m[43m_stream[49m[43m,[49m[43m [49m[38;5;241;43m*[39;49m[38;5;241;43m*[39;49m[43mkwargs[49m
[0;32m    395[0m [43m[49m[43m)[49m
[0;32m    397[0m response [38;5;241m=[39m pipeline_response[38;5;241m.[39mhttp_response
[0;32m    399[0m [38;5;28;01mif[39;00m response[38;5;241m.[39mstatus_code [38;5;129;01mnot[39;00m [38;5;129;01min[39;00m [[38;5;241m201[39m]:

File [1;32mc:\Projects\Workshop2024\.venv\Lib\site-packages\azure\core\pipeline\_base.py:230[0m, in [0;36mPipeline.run[1;34m(self, request, **kwargs)[0m
[0;32m    228[0m pipeline_request: PipelineRequest[HTTPRequestType] [38;5;241m=[39m PipelineRequest(request, context)
[0;32m    229[0m first_node [38;5;241m=[39m [38;5;28mself[39m[38;5;241m.[39m_impl_policies[[38;5;241m0[39m] [38;5;28;01mif[39;00m [38;5;28mself[39m[38;5;241m.[39m_impl_policies [38;5;28;01melse[39;00m _TransportRunner([38;5;28mself[39m[38;5;241m.[39m_transport)
[1;32m--> 230[0m [38;5;28;01mreturn[39;00m [43mfirst_node[49m[38;5;241;43m.[39;49m[43msend[49m[43m([49m[43mpipeline_request[49m[43m)[49m

File [1;32mc:\Projects\Workshop2024\.venv\Lib\site-packages\azure\core\pipeline\_base.py:86[0m, in [0;36m_SansIOHTTPPolicyRunner.send[1;34m(self, request)[0m
[0;32m     84[0m _await_result([38;5;28mself[39m[38;5;241m.[39m_policy[38;5;241m.[39mon_request, request)
[0;32m     85[0m [38;5;28;01mtry[39;00m:
[1;32m---> 86[0m     response [38;5;241m=[39m [38;5;28;43mself[39;49m[38;5;241;43m.[39;49m[43mnext[49m[38;5;241;43m.[39;49m[43msend[49m[43m([49m[43mrequest[49m[43m)[49m
[0;32m     87[0m [38;5;28;01mexcept[39;00m [38;5;167;01mException[39;00m:  [38;5;66;03m# pylint: disable=broad-except[39;00m
[0;32m     88[0m     _await_result([38;5;28mself[39m[38;5;241m.[39m_policy[38;5;241m.[39mon_exception, request)

File [1;32mc:\Projects\Workshop2024\.venv\Lib\site-packages\azure\core\pipeline\_base.py:86[0m, in [0;36m_SansIOHTTPPolicyRunner.send[1;34m(self, request)[0m
[0;32m     84[0m _await_result([38;5;28mself[39m[38;5;241m.[39m_policy[38;5;241m.[39mon_request, request)
[0;32m     85[0m [38;5;28;01mtry[39;00m:
[1;32m---> 86[0m     response [38;5;241m=[39m [38;5;28;43mself[39;49m[38;5;241;43m.[39;49m[43mnext[49m[38;5;241;43m.[39;49m[43msend[49m[43m([49m[43mrequest[49m[43m)[49m
[0;32m     87[0m [38;5;28;01mexcept[39;00m [38;5;167;01mException[39;00m:  [38;5;66;03m# pylint: disable=broad-except[39;00m
[0;32m     88[0m     _await_result([38;5;28mself[39m[38;5;241m.[39m_policy[38;5;241m.[39mon_exception, request)

    [1;31m[... skipping similar frames: _SansIOHTTPPolicyRunner.send at line 86 (2 times)][0m

File [1;32mc:\Projects\Workshop2024\.venv\Lib\site-packages\azure\core\pipeline\_base.py:86[0m, in [0;36m_SansIOHTTPPolicyRunner.send[1;34m(self, request)[0m
[0;32m     84[0m _await_result([38;5;28mself[39m[38;5;241m.[39m_policy[38;5;241m.[39mon_request, request)
[0;32m     85[0m [38;5;28;01mtry[39;00m:
[1;32m---> 86[0m     response [38;5;241m=[39m [38;5;28;43mself[39;49m[38;5;241;43m.[39;49m[43mnext[49m[38;5;241;43m.[39;49m[43msend[49m[43m([49m[43mrequest[49m[43m)[49m
[0;32m     87[0m [38;5;28;01mexcept[39;00m [38;5;167;01mException[39;00m:  [38;5;66;03m# pylint: disable=broad-except[39;00m
[0;32m     88[0m     _await_result([38;5;28mself[39m[38;5;241m.[39m_policy[38;5;241m.[39mon_exception, request)

File [1;32mc:\Projects\Workshop2024\.venv\Lib\site-packages\azure\core\pipeline\policies\_redirect.py:197[0m, in [0;36mRedirectPolicy.send[1;34m(self, request)[0m
[0;32m    195[0m original_domain [38;5;241m=[39m get_domain(request[38;5;241m.[39mhttp_request[38;5;241m.[39murl) [38;5;28;01mif[39;00m redirect_settings[[38;5;124m"[39m[38;5;124mallow[39m[38;5;124m"[39m] [38;5;28;01melse[39;00m [38;5;28;01mNone[39;00m
[0;32m    196[0m [38;5;28;01mwhile[39;00m retryable:
[1;32m--> 197[0m     response [38;5;241m=[39m [38;5;28;43mself[39;49m[38;5;241;43m.[39;49m[43mnext[49m[38;5;241;43m.[39;49m[43msend[49m[43m([49m[43mrequest[49m[43m)[49m
[0;32m    198[0m     redirect_location [38;5;241m=[39m [38;5;28mself[39m[38;5;241m.[39mget_redirect_location(response)
[0;32m    199[0m     [38;5;28;01mif[39;00m redirect_location [38;5;129;01mand[39;00m redirect_settings[[38;5;124m"[39m[38;5;124mallow[39m[38;5;124m"[39m]:

File [1;32mc:\Projects\Workshop2024\.venv\Lib\site-packages\azure\core\pipeline\policies\_retry.py:553[0m, in [0;36mRetryPolicy.send[1;34m(self, request)[0m
[0;32m    551[0m                 is_response_error [38;5;241m=[39m [38;5;28;01mTrue[39;00m
[0;32m    552[0m             [38;5;28;01mcontinue[39;00m
[1;32m--> 553[0m     [38;5;28;01mraise[39;00m err
[0;32m    554[0m [38;5;28;01mfinally[39;00m:
[0;32m    555[0m     end_time [38;5;241m=[39m time[38;5;241m.[39mtime()

File [1;32mc:\Projects\Workshop2024\.venv\Lib\site-packages\azure\core\pipeline\policies\_retry.py:531[0m, in [0;36mRetryPolicy.send[1;34m(self, request)[0m
[0;32m    529[0m [38;5;28;01mtry[39;00m:
[0;32m    530[0m     [38;5;28mself[39m[38;5;241m.[39m_configure_timeout(request, absolute_timeout, is_response_error)
[1;32m--> 531[0m     response [38;5;241m=[39m [38;5;28;43mself[39;49m[38;5;241;43m.[39;49m[43mnext[49m[38;5;241;43m.[39;49m[43msend[49m[43m([49m[43mrequest[49m[43m)[49m
[0;32m    532[0m     [38;5;28;01mif[39;00m [38;5;28mself[39m[38;5;241m.[39mis_retry(retry_settings, response):
[0;32m    533[0m         retry_active [38;5;241m=[39m [38;5;28mself[39m[38;5;241m.[39mincrement(retry_settings, response[38;5;241m=[39mresponse)

File [1;32mc:\Projects\Workshop2024\.venv\Lib\site-packages\azure\core\pipeline\policies\_authentication.py:126[0m, in [0;36mBearerTokenCredentialPolicy.send[1;34m(self, request)[0m
[0;32m    124[0m [38;5;28mself[39m[38;5;241m.[39mon_request(request)
[0;32m    125[0m [38;5;28;01mtry[39;00m:
[1;32m--> 126[0m     response [38;5;241m=[39m [38;5;28;43mself[39;49m[38;5;241;43m.[39;49m[43mnext[49m[38;5;241;43m.[39;49m[43msend[49m[43m([49m[43mrequest[49m[43m)[49m
[0;32m    127[0m     [38;5;28mself[39m[38;5;241m.[39mon_response(request, response)
[0;32m    128[0m [38;5;28;01mexcept[39;00m [38;5;167;01mException[39;00m:  [38;5;66;03m# pylint:disable=broad-except[39;00m

File [1;32mc:\Projects\Workshop2024\.venv\Lib\site-packages\azure\core\pipeline\_base.py:86[0m, in [0;36m_SansIOHTTPPolicyRunner.send[1;34m(self, request)[0m
[0;32m     84[0m _await_result([38;5;28mself[39m[38;5;241m.[39m_policy[38;5;241m.[39mon_request, request)
[0;32m     85[0m [38;5;28;01mtry[39;00m:
[1;32m---> 86[0m     response [38;5;241m=[39m [38;5;28;43mself[39;49m[38;5;241;43m.[39;49m[43mnext[49m[38;5;241;43m.[39;49m[43msend[49m[43m([49m[43mrequest[49m[43m)[49m
[0;32m     87[0m [38;5;28;01mexcept[39;00m [38;5;167;01mException[39;00m:  [38;5;66;03m# pylint: disable=broad-except[39;00m
[0;32m     88[0m     _await_result([38;5;28mself[39m[38;5;241m.[39m_policy[38;5;241m.[39mon_exception, request)

File [1;32mc:\Projects\Workshop2024\.venv\Lib\site-packages\azure\core\pipeline\_base.py:86[0m, in [0;36m_SansIOHTTPPolicyRunner.send[1;34m(self, request)[0m
[0;32m     84[0m _await_result([38;5;28mself[39m[38;5;241m.[39m_policy[38;5;241m.[39mon_request, request)
[0;32m     85[0m [38;5;28;01mtry[39;00m:
[1;32m---> 86[0m     response [38;5;241m=[39m [38;5;28;43mself[39;49m[38;5;241;43m.[39;49m[43mnext[49m[38;5;241;43m.[39;49m[43msend[49m[43m([49m[43mrequest[49m[43m)[49m
[0;32m     87[0m [38;5;28;01mexcept[39;00m [38;5;167;01mException[39;00m:  [38;5;66;03m# pylint: disable=broad-except[39;00m
[0;32m     88[0m     _await_result([38;5;28mself[39m[38;5;241m.[39m_policy[38;5;241m.[39mon_exception, request)

    [1;31m[... skipping similar frames: _SansIOHTTPPolicyRunner.send at line 86 (2 times)][0m

File [1;32mc:\Projects\Workshop2024\.venv\Lib\site-packages\azure\core\pipeline\_base.py:86[0m, in [0;36m_SansIOHTTPPolicyRunner.send[1;34m(self, request)[0m
[0;32m     84[0m _await_result([38;5;28mself[39m[38;5;241m.[39m_policy[38;5;241m.[39mon_request, request)
[0;32m     85[0m [38;5;28;01mtry[39;00m:
[1;32m---> 86[0m     response [38;5;241m=[39m [38;5;28;43mself[39;49m[38;5;241;43m.[39;49m[43mnext[49m[38;5;241;43m.[39;49m[43msend[49m[43m([49m[43mrequest[49m[43m)[49m
[0;32m     87[0m [38;5;28;01mexcept[39;00m [38;5;167;01mException[39;00m:  [38;5;66;03m# pylint: disable=broad-except[39;00m
[0;32m     88[0m     _await_result([38;5;28mself[39m[38;5;241m.[39m_policy[38;5;241m.[39mon_exception, request)

File [1;32mc:\Projects\Workshop2024\.venv\Lib\site-packages\azure\core\pipeline\_base.py:119[0m, in [0;36m_TransportRunner.send[1;34m(self, request)[0m
[0;32m    109[0m [38;5;250m[39m[38;5;124;03m"""HTTP transport send method.[39;00m
[0;32m    110[0m 
[0;32m    111[0m [38;5;124;03m:param request: The PipelineRequest object.[39;00m
[1;32m   (...)[0m
[0;32m    114[0m [38;5;124;03m:rtype: ~azure.core.pipeline.PipelineResponse[39;00m
[0;32m    115[0m [38;5;124;03m"""[39;00m
[0;32m    116[0m cleanup_kwargs_for_transport(request[38;5;241m.[39mcontext[38;5;241m.[39moptions)
[0;32m    117[0m [38;5;28;01mreturn[39;00m PipelineResponse(
[0;32m    118[0m     request[38;5;241m.[39mhttp_request,
[1;32m--> 119[0m     [38;5;28;43mself[39;49m[38;5;241;43m.[39;49m[43m_sender[49m[38;5;241;43m.[39;49m[43msend[49m[43m([49m[43mrequest[49m[38;5;241;43m.[39;49m[43mhttp_request[49m[43m,[49m[43m [49m[38;5;241;43m*[39;49m[38;5;241;43m*[39;49m[43mrequest[49m[38;5;241;43m.[39;49m[43mcontext[49m[38;5;241;43m.[39;49m[43moptions[49m[43m)[49m,
[0;32m    120[0m     context[38;5;241m=[39mrequest[38;5;241m.[39mcontext,
[0;32m    121[0m )

File [1;32mc:\Projects\Workshop2024\.venv\Lib\site-packages\azure\core\pipeline\transport\_requests_basic.py:386[0m, in [0;36mRequestsTransport.send[1;34m(self, request, proxies, **kwargs)[0m
[0;32m    383[0m     error [38;5;241m=[39m ServiceRequestError(err, error[38;5;241m=[39merr)
[0;32m    385[0m [38;5;28;01mif[39;00m error:
[1;32m--> 386[0m     [38;5;28;01mraise[39;00m error
[0;32m    387[0m [38;5;28;01mif[39;00m _is_rest(request):
[0;32m    388[0m     [38;5;28;01mfrom[39;00m [38;5;21;01mazure[39;00m[38;5;21;01m.[39;00m[38;5;21;01mcore[39;00m[38;5;21;01m.[39;00m[38;5;21;01mrest[39;00m[38;5;21;01m.[39;00m[38;5;21;01m_requests_basic[39;00m [38;5;28;01mimport[39;00m RestRequestsTransportResponse

[1;31mServiceRequestError[0m: <urllib3.connection.HTTPSConnection object at 0x000001AD06F04310>: Failed to resolve 'gptkb-qqdtlyqowrlw4.search.windows.net' ([Errno 11001] getaddrinfo failed)

